Using pre-set license
Built from '2021.3/staging' branch; Version is '2021.3.22f1 (b6c551784ba3) revision 11978065'; Using compiler version '192829333'; Build Type 'Release'
OS: 'Windows 11  (10.0.22621) 64bit Core' Language: 'es' Physical Memory: 16085 MB
BatchMode: 1, IsHumanControllingUs: 0, StartBugReporterOnCrash: 0, Is64bit: 1, IsPro: 1

COMMAND LINE ARGUMENTS:
C:\Program Files\Unity\Hub\Editor\2021.3.22f1\Editor\Unity.exe
-adb2
-batchMode
-noUpm
-name
AssetImportWorker1
-projectPath
C:/Users/orozc/DignaFit
-logFile
Logs/AssetImportWorker1.log
-srvPort
58461
Successfully changed project path to: C:/Users/orozc/DignaFit
C:/Users/orozc/DignaFit
[UnityMemory] Configuration Parameters - Can be set up in boot.config
    "memorysetup-bucket-allocator-granularity=16"
    "memorysetup-bucket-allocator-bucket-count=8"
    "memorysetup-bucket-allocator-block-size=33554432"
    "memorysetup-bucket-allocator-block-count=8"
    "memorysetup-main-allocator-block-size=16777216"
    "memorysetup-thread-allocator-block-size=16777216"
    "memorysetup-gfx-main-allocator-block-size=16777216"
    "memorysetup-gfx-thread-allocator-block-size=16777216"
    "memorysetup-cache-allocator-block-size=4194304"
    "memorysetup-typetree-allocator-block-size=2097152"
    "memorysetup-profiler-bucket-allocator-granularity=16"
    "memorysetup-profiler-bucket-allocator-bucket-count=8"
    "memorysetup-profiler-bucket-allocator-block-size=33554432"
    "memorysetup-profiler-bucket-allocator-block-count=8"
    "memorysetup-profiler-allocator-block-size=16777216"
    "memorysetup-profiler-editor-allocator-block-size=1048576"
    "memorysetup-temp-allocator-size-main=16777216"
    "memorysetup-job-temp-allocator-block-size=2097152"
    "memorysetup-job-temp-allocator-block-size-background=1048576"
    "memorysetup-job-temp-allocator-reduction-small-platforms=262144"
    "memorysetup-temp-allocator-size-background-worker=32768"
    "memorysetup-temp-allocator-size-job-worker=262144"
    "memorysetup-temp-allocator-size-preload-manager=33554432"
    "memorysetup-temp-allocator-size-nav-mesh-worker=65536"
    "memorysetup-temp-allocator-size-audio-worker=65536"
    "memorysetup-temp-allocator-size-cloud-worker=32768"
    "memorysetup-temp-allocator-size-gi-baking-worker=262144"
    "memorysetup-temp-allocator-size-gfx=262144"
Player connection [44560] Host "[IP] 192.168.137.157 [Port] 0 [Flags] 2 [Guid] 1047733164 [EditorId] 1047733164 [Version] 1048832 [Id] WindowsEditor(7,MSI) [Debug] 1 [PackageName] WindowsEditor [ProjectName] Editor" joined multi-casting on [225.0.0.222:54997]...

Player connection [44560] Host "[IP] 192.168.137.157 [Port] 0 [Flags] 2 [Guid] 1047733164 [EditorId] 1047733164 [Version] 1048832 [Id] WindowsEditor(7,MSI) [Debug] 1 [PackageName] WindowsEditor [ProjectName] Editor" joined alternative multi-casting on [225.0.0.222:34997]...

Refreshing native plugins compatible for Editor in 114.41 ms, found 3 plugins.
Preloading 0 native plugins for Editor in 0.00 ms.
Initialize engine version: 2021.3.22f1 (b6c551784ba3)
[Subsystems] Discovering subsystems at path C:/Program Files/Unity/Hub/Editor/2021.3.22f1/Editor/Data/Resources/UnitySubsystems
[Subsystems] Discovering subsystems at path C:/Users/orozc/DignaFit/Assets
GfxDevice: creating device client; threaded=0; jobified=0
Direct3D:
    Version:  Direct3D 11.0 [level 11.1]
    Renderer: Intel(R) Iris(R) Xe Graphics (ID=0x9a49)
    Vendor:   Intel
    VRAM:     8042 MB
    Driver:   31.0.101.3222
Initialize mono
Mono path[0] = 'C:/Program Files/Unity/Hub/Editor/2021.3.22f1/Editor/Data/Managed'
Mono path[1] = 'C:/Program Files/Unity/Hub/Editor/2021.3.22f1/Editor/Data/MonoBleedingEdge/lib/mono/unityjit-win32'
Mono config path = 'C:/Program Files/Unity/Hub/Editor/2021.3.22f1/Editor/Data/MonoBleedingEdge/etc'
Using monoOptions --debugger-agent=transport=dt_socket,embedding=1,server=y,suspend=n,address=127.0.0.1:56760
Begin MonoManager ReloadAssembly
Registering precompiled unity dll's ...
Register platform support module: C:/Program Files/Unity/Hub/Editor/2021.3.22f1/Editor/Data/PlaybackEngines/WebGLSupport/UnityEditor.WebGL.Extensions.dll
Register platform support module: C:/Program Files/Unity/Hub/Editor/2021.3.22f1/Editor/Data/PlaybackEngines/AndroidPlayer/UnityEditor.Android.Extensions.dll
Register platform support module: C:/Program Files/Unity/Hub/Editor/2021.3.22f1/Editor/Data/PlaybackEngines/WindowsStandaloneSupport/UnityEditor.WindowsStandalone.Extensions.dll
Registered in 0.012859 seconds.
Native extension for WindowsStandalone target not found
Native extension for Android target not found
Android Extension - Scanning For ADB Devices 1010 ms
Native extension for WebGL target not found
Refreshing native plugins compatible for Editor in 215.21 ms, found 3 plugins.
Preloading 0 native plugins for Editor in 0.00 ms.
Mono: successfully reloaded assembly
- Completed reload, in  2.136 seconds
Domain Reload Profiling:
	ReloadAssembly (2137ms)
		BeginReloadAssembly (118ms)
			ExecutionOrderSort (0ms)
			DisableScriptedObjects (0ms)
			BackupInstance (0ms)
			ReleaseScriptingObjects (0ms)
			CreateAndSetChildDomain (1ms)
		EndReloadAssembly (1882ms)
			LoadAssemblies (113ms)
			RebuildTransferFunctionScriptingTraits (0ms)
			SetupTypeCache (139ms)
			ReleaseScriptCaches (0ms)
			RebuildScriptCaches (32ms)
			SetupLoadedEditorAssemblies (1644ms)
				LogAssemblyErrors (0ms)
				InitializePlatformSupportModulesInManaged (1110ms)
				SetLoadedEditorAssemblies (0ms)
				RefreshPlugins (215ms)
				BeforeProcessingInitializeOnLoad (2ms)
				ProcessInitializeOnLoadAttributes (215ms)
				ProcessInitializeOnLoadMethodAttributes (101ms)
				AfterProcessingInitializeOnLoad (0ms)
				EditorAssembliesLoaded (0ms)
			ExecutionOrderSort2 (0ms)
			AwakeInstancesAfterBackupRestoration (0ms)
Platform modules already initialized, skipping
Registering precompiled user dll's ...
Registered in 0.027421 seconds.
Begin MonoManager ReloadAssembly
Native extension for WindowsStandalone target not found
Native extension for Android target not found
Native extension for WebGL target not found
Refreshing native plugins compatible for Editor in 0.78 ms, found 3 plugins.
Preloading 0 native plugins for Editor in 0.00 ms.
Mono: successfully reloaded assembly
- Completed reload, in  1.742 seconds
Domain Reload Profiling:
	ReloadAssembly (1744ms)
		BeginReloadAssembly (213ms)
			ExecutionOrderSort (0ms)
			DisableScriptedObjects (8ms)
			BackupInstance (0ms)
			ReleaseScriptingObjects (0ms)
			CreateAndSetChildDomain (36ms)
		EndReloadAssembly (1313ms)
			LoadAssemblies (202ms)
			RebuildTransferFunctionScriptingTraits (0ms)
			SetupTypeCache (375ms)
			ReleaseScriptCaches (0ms)
			RebuildScriptCaches (82ms)
			SetupLoadedEditorAssemblies (651ms)
				LogAssemblyErrors (0ms)
				InitializePlatformSupportModulesInManaged (29ms)
				SetLoadedEditorAssemblies (0ms)
				RefreshPlugins (1ms)
				BeforeProcessingInitializeOnLoad (136ms)
				ProcessInitializeOnLoadAttributes (347ms)
				ProcessInitializeOnLoadMethodAttributes (129ms)
				AfterProcessingInitializeOnLoad (9ms)
				EditorAssembliesLoaded (0ms)
			ExecutionOrderSort2 (0ms)
			AwakeInstancesAfterBackupRestoration (5ms)
Platform modules already initialized, skipping
========================================================================
Worker process is ready to serve import requests
Launched and connected shader compiler UnityShaderCompiler.exe after 0.07 seconds
Refreshing native plugins compatible for Editor in 0.65 ms, found 3 plugins.
Preloading 0 native plugins for Editor in 0.00 ms.
Unloading 3690 Unused Serialized files (Serialized files now loaded: 0)
Unloading 40 unused Assets / (56.1 KB). Loaded Objects now: 4151.
Memory consumption went from 123.4 MB to 123.3 MB.
Total: 6.942400 ms (FindLiveObjects: 0.345900 ms CreateObjectMapping: 0.527400 ms MarkObjects: 5.937100 ms  DeleteObjects: 0.130200 ms)

AssetImportParameters requested are different than current active one (requested -> active):
  custom:video-decoder-ogg-theora: a1e56fd34408186e4bbccfd4996cb3dc -> 
  custom:container-muxer-webm: aa71ff27fc2769a1b78a27578f13a17b -> 
  custom:container-demuxer-webm: 4f35f7cbe854078d1ac9338744f61a02 -> 
  custom:video-encoder-webm-vp8: eb34c28f22e8b96e1ab97ce403110664 -> 
  custom:audio-encoder-webm-vorbis: bf7c407c2cedff20999df2af8eb42d56 -> 
  custom:framework-win-MediaFoundation: 216162199b28c13a410421893ffa2e32 -> 
  custom:container-demuxer-ogg: 62fdf1f143b41e24485cea50d1cbac27 -> 
  custom:video-decoder-webm-vp8: 9c59270c3fd7afecdb556c50c9e8de78 -> 
  custom:audio-decoder-ogg-vorbis: bf7c407c2cedff20999df2af8eb42d56 -> 
========================================================================
Received Import Request.
  Time since last request: 964211.480257 seconds.
  path: Assets/Alimentos/Carne de Cerdo 1.jpg
  artifactKey: Guid(c4993ab0c0000174e9cd2db6b3194544) Importer(815301076,1909f56bfc062723c751e8b465ee728b)
Start importing Assets/Alimentos/Carne de Cerdo 1.jpg using Guid(c4993ab0c0000174e9cd2db6b3194544) Importer(815301076,1909f56bfc062723c751e8b465ee728b)  -> (artifact id: 'eff039023941a1800b2665d407d7346f') in 0.117570 seconds 
========================================================================
Received Import Request.
  Time since last request: 0.000031 seconds.
  path: Assets/Alimentos/Manzana 1.jpg
  artifactKey: Guid(1841954242f0cab4187367c236de5ae7) Importer(815301076,1909f56bfc062723c751e8b465ee728b)
Start importing Assets/Alimentos/Manzana 1.jpg using Guid(1841954242f0cab4187367c236de5ae7) Importer(815301076,1909f56bfc062723c751e8b465ee728b)  -> (artifact id: 'e97ab17eb162436505479f70793f50a6') in 0.032006 seconds 
========================================================================
Received Import Request.
  Time since last request: 0.000030 seconds.
  path: Assets/Alimentos/Platano 2.jpg
  artifactKey: Guid(6cda21d815f2df44ba3f8f7e8555a368) Importer(815301076,1909f56bfc062723c751e8b465ee728b)
Start importing Assets/Alimentos/Platano 2.jpg using Guid(6cda21d815f2df44ba3f8f7e8555a368) Importer(815301076,1909f56bfc062723c751e8b465ee728b)  -> (artifact id: '76f123de34a3e815b86091821787a184') in 0.039274 seconds 
========================================================================
Received Import Request.
  Time since last request: 0.000029 seconds.
  path: Assets/Targets/Platano.jpg
  artifactKey: Guid(8c94caedae697fb449f971eebd31ae8e) Importer(815301076,1909f56bfc062723c751e8b465ee728b)
Start importing Assets/Targets/Platano.jpg using Guid(8c94caedae697fb449f971eebd31ae8e) Importer(815301076,1909f56bfc062723c751e8b465ee728b)  -> (artifact id: '2913ace9043c6f1a5942a47fc6f356dd') in 0.036909 seconds 
========================================================================
Received Import Request.
  Time since last request: 0.000021 seconds.
  path: Assets/Alimentos/Carne de Cerdo 2.jpg
  artifactKey: Guid(a686762b264c915419aef9d352d23103) Importer(815301076,1909f56bfc062723c751e8b465ee728b)
Start importing Assets/Alimentos/Carne de Cerdo 2.jpg using Guid(a686762b264c915419aef9d352d23103) Importer(815301076,1909f56bfc062723c751e8b465ee728b)  -> (artifact id: '58339eb649f27f0c0d559fcc522e2024') in 0.054435 seconds 
========================================================================
Received Import Request.
  Time since last request: 0.000025 seconds.
  path: Assets/Alimentos/Fresa 2.jpg
  artifactKey: Guid(9e4f7b3a545946147ab9b39fd86c4f65) Importer(815301076,1909f56bfc062723c751e8b465ee728b)
Start importing Assets/Alimentos/Fresa 2.jpg using Guid(9e4f7b3a545946147ab9b39fd86c4f65) Importer(815301076,1909f56bfc062723c751e8b465ee728b)  -> (artifact id: '516ab3721a98dcd71ba2f1b05ae7b3ce') in 0.025846 seconds 
========================================================================
Received Import Request.
  Time since last request: 0.000023 seconds.
  path: Assets/Alimentos/Platano 1.jpg
  artifactKey: Guid(d7db1c436e4f3604ca76187466a628cb) Importer(815301076,1909f56bfc062723c751e8b465ee728b)
Start importing Assets/Alimentos/Platano 1.jpg using Guid(d7db1c436e4f3604ca76187466a628cb) Importer(815301076,1909f56bfc062723c751e8b465ee728b)  -> (artifact id: 'de43d33e336be493cff556e895295ec5') in 0.046081 seconds 
========================================================================
Received Import Request.
  Time since last request: 0.000021 seconds.
  path: Assets/Targets/Pollo.jpg
  artifactKey: Guid(6bbc6058cb4e2b0499a351683c92a15d) Importer(815301076,1909f56bfc062723c751e8b465ee728b)
Start importing Assets/Targets/Pollo.jpg using Guid(6bbc6058cb4e2b0499a351683c92a15d) Importer(815301076,1909f56bfc062723c751e8b465ee728b)  -> (artifact id: '7cb1b4d3ce82bc7c6166fa5466134df0') in 0.023262 seconds 
========================================================================
Received Import Request.
  Time since last request: 0.000026 seconds.
  path: Assets/Targets/Jitomate.jpg
  artifactKey: Guid(95d1f5bf9bc1bf64e88e2ea0df21e5a2) Importer(815301076,1909f56bfc062723c751e8b465ee728b)
Start importing Assets/Targets/Jitomate.jpg using Guid(95d1f5bf9bc1bf64e88e2ea0df21e5a2) Importer(815301076,1909f56bfc062723c751e8b465ee728b)  -> (artifact id: '915a47131d21a92e3bfd109865d028b1') in 0.015399 seconds 
========================================================================
Received Import Request.
  Time since last request: 0.000027 seconds.
  path: Assets/Alimentos/Carne de Res 2.jpg
  artifactKey: Guid(2667aaad64bb67a479c707b9f40b2f9c) Importer(815301076,1909f56bfc062723c751e8b465ee728b)
Start importing Assets/Alimentos/Carne de Res 2.jpg using Guid(2667aaad64bb67a479c707b9f40b2f9c) Importer(815301076,1909f56bfc062723c751e8b465ee728b)  -> (artifact id: '79553c6ad123a3fa2b08394099c1a012') in 0.026255 seconds 
========================================================================
Received Import Request.
  Time since last request: 0.000028 seconds.
  path: Assets/Alimentos/Jitomate 2.jpg
  artifactKey: Guid(6ce492a928d58a0479700a8e6ae20f06) Importer(815301076,1909f56bfc062723c751e8b465ee728b)
Start importing Assets/Alimentos/Jitomate 2.jpg using Guid(6ce492a928d58a0479700a8e6ae20f06) Importer(815301076,1909f56bfc062723c751e8b465ee728b)  -> (artifact id: 'ff2b511879f1b298dbac13b2968408dc') in 0.035913 seconds 
========================================================================
Received Import Request.
  Time since last request: 0.000033 seconds.
  path: Assets/Alimentos/Carne de Pollo 2.jpg
  artifactKey: Guid(06bcd8cf1f46b3b4886f93cb3f84d467) Importer(815301076,1909f56bfc062723c751e8b465ee728b)
Start importing Assets/Alimentos/Carne de Pollo 2.jpg using Guid(06bcd8cf1f46b3b4886f93cb3f84d467) Importer(815301076,1909f56bfc062723c751e8b465ee728b)  -> (artifact id: '88d1e345d51c6b5b1d442ea5a2a7fc8c') in 0.029497 seconds 
========================================================================
Received Import Request.
  Time since last request: 0.000112 seconds.
  path: Assets/Alimentos/Carne de Pollo 1.jpg
  artifactKey: Guid(6ece4eafbf46c75459ac2d63400665c9) Importer(815301076,1909f56bfc062723c751e8b465ee728b)
Start importing Assets/Alimentos/Carne de Pollo 1.jpg using Guid(6ece4eafbf46c75459ac2d63400665c9) Importer(815301076,1909f56bfc062723c751e8b465ee728b)  -> (artifact id: '752531688bbcf869c0b8f5babc5f5b75') in 0.030438 seconds 
========================================================================
Received Import Request.
  Time since last request: 55.166501 seconds.
  path: Assets/Alimentos/Materials/Aguacate 2.mat
  artifactKey: Guid(f9711087d275e5e4c9929084c25d5258) Importer(815301076,1909f56bfc062723c751e8b465ee728b)
Start importing Assets/Alimentos/Materials/Aguacate 2.mat using Guid(f9711087d275e5e4c9929084c25d5258) Importer(815301076,1909f56bfc062723c751e8b465ee728b)  -> (artifact id: '3e9bf9cd4f7c34cd785944db9d161b8e') in 0.110046 seconds 
========================================================================
Received Import Request.
  Time since last request: 0.000021 seconds.
  path: Assets/Alimentos/Materials/Zanahoria 1.mat
  artifactKey: Guid(3c1d7e52cb72d8445bb773564ccac620) Importer(815301076,1909f56bfc062723c751e8b465ee728b)
Start importing Assets/Alimentos/Materials/Zanahoria 1.mat using Guid(3c1d7e52cb72d8445bb773564ccac620) Importer(815301076,1909f56bfc062723c751e8b465ee728b)  -> (artifact id: '34ca6e2e16447656041d3c224d59ac7d') in 0.038311 seconds 
========================================================================
Received Import Request.
  Time since last request: 0.000022 seconds.
  path: Assets/Alimentos/Materials/Jitomate 2.mat
  artifactKey: Guid(400a1aeea5f516549ae944479e647117) Importer(815301076,1909f56bfc062723c751e8b465ee728b)
Start importing Assets/Alimentos/Materials/Jitomate 2.mat using Guid(400a1aeea5f516549ae944479e647117) Importer(815301076,1909f56bfc062723c751e8b465ee728b)  -> (artifact id: 'ff9b45a1aa13353512e97166ca1881b0') in 0.033245 seconds 
========================================================================
Received Import Request.
  Time since last request: 0.000025 seconds.
  path: Assets/Alimentos/Materials/Fresa 1.mat
  artifactKey: Guid(2248639c89af4df4e98ea42563438588) Importer(815301076,1909f56bfc062723c751e8b465ee728b)
Start importing Assets/Alimentos/Materials/Fresa 1.mat using Guid(2248639c89af4df4e98ea42563438588) Importer(815301076,1909f56bfc062723c751e8b465ee728b)  -> (artifact id: 'ffd424bbe16bf92af244cd1dcc433a4a') in 0.039333 seconds 
========================================================================
Received Import Request.
  Time since last request: 0.000040 seconds.
  path: Assets/Alimentos/Materials/Fresa 2.mat
  artifactKey: Guid(1f553e7fab1576c4ba6a8534ff7560b3) Importer(815301076,1909f56bfc062723c751e8b465ee728b)
Start importing Assets/Alimentos/Materials/Fresa 2.mat using Guid(1f553e7fab1576c4ba6a8534ff7560b3) Importer(815301076,1909f56bfc062723c751e8b465ee728b)  -> (artifact id: 'fcd1c31ad26b96504210c143436c142b') in 0.037632 seconds 
========================================================================
Received Import Request.
  Time since last request: 0.000021 seconds.
  path: Assets/Alimentos/Materials/Carne de Pollo 1.mat
  artifactKey: Guid(1af3b85c820a87245a692d5d7750aa49) Importer(815301076,1909f56bfc062723c751e8b465ee728b)
Start importing Assets/Alimentos/Materials/Carne de Pollo 1.mat using Guid(1af3b85c820a87245a692d5d7750aa49) Importer(815301076,1909f56bfc062723c751e8b465ee728b)  -> (artifact id: 'd3c96f801693c06f08b7b890de46cceb') in 0.041950 seconds 
========================================================================
Received Import Request.
  Time since last request: 0.000023 seconds.
  path: Assets/Alimentos/Materials/Carne de Res 2.mat
  artifactKey: Guid(3b7286d7017d64e41853e10efd5edb9c) Importer(815301076,1909f56bfc062723c751e8b465ee728b)
Start importing Assets/Alimentos/Materials/Carne de Res 2.mat using Guid(3b7286d7017d64e41853e10efd5edb9c) Importer(815301076,1909f56bfc062723c751e8b465ee728b)  -> (artifact id: 'e96a41edf42291a453e73f84b55d5d52') in 0.059656 seconds 
========================================================================
Received Import Request.
  Time since last request: 0.000022 seconds.
  path: Assets/Alimentos/Materials/Manzana 1.mat
  artifactKey: Guid(a1501c2565cc7a142a90e6c34fe5a916) Importer(815301076,1909f56bfc062723c751e8b465ee728b)
Start importing Assets/Alimentos/Materials/Manzana 1.mat using Guid(a1501c2565cc7a142a90e6c34fe5a916) Importer(815301076,1909f56bfc062723c751e8b465ee728b)  -> (artifact id: 'bd26900c469beb38447afc88e7405498') in 0.040346 seconds 
