Using pre-set license
Built from '2021.3/staging' branch; Version is '2021.3.22f1 (b6c551784ba3) revision 11978065'; Using compiler version '192829333'; Build Type 'Release'
OS: 'Windows 11  (10.0.22621) 64bit Core' Language: 'es' Physical Memory: 16085 MB
BatchMode: 1, IsHumanControllingUs: 0, StartBugReporterOnCrash: 0, Is64bit: 1, IsPro: 1

COMMAND LINE ARGUMENTS:
C:\Program Files\Unity\Hub\Editor\2021.3.22f1\Editor\Unity.exe
-adb2
-batchMode
-noUpm
-name
AssetImportWorker0
-projectPath
C:/Users/orozc/DignaFit
-logFile
Logs/AssetImportWorker0.log
-srvPort
58461
Successfully changed project path to: C:/Users/orozc/DignaFit
C:/Users/orozc/DignaFit
[UnityMemory] Configuration Parameters - Can be set up in boot.config
    "memorysetup-bucket-allocator-granularity=16"
    "memorysetup-bucket-allocator-bucket-count=8"
    "memorysetup-bucket-allocator-block-size=33554432"
    "memorysetup-bucket-allocator-block-count=8"
    "memorysetup-main-allocator-block-size=16777216"
    "memorysetup-thread-allocator-block-size=16777216"
    "memorysetup-gfx-main-allocator-block-size=16777216"
    "memorysetup-gfx-thread-allocator-block-size=16777216"
    "memorysetup-cache-allocator-block-size=4194304"
    "memorysetup-typetree-allocator-block-size=2097152"
    "memorysetup-profiler-bucket-allocator-granularity=16"
    "memorysetup-profiler-bucket-allocator-bucket-count=8"
    "memorysetup-profiler-bucket-allocator-block-size=33554432"
    "memorysetup-profiler-bucket-allocator-block-count=8"
    "memorysetup-profiler-allocator-block-size=16777216"
    "memorysetup-profiler-editor-allocator-block-size=1048576"
    "memorysetup-temp-allocator-size-main=16777216"
    "memorysetup-job-temp-allocator-block-size=2097152"
    "memorysetup-job-temp-allocator-block-size-background=1048576"
    "memorysetup-job-temp-allocator-reduction-small-platforms=262144"
    "memorysetup-temp-allocator-size-background-worker=32768"
    "memorysetup-temp-allocator-size-job-worker=262144"
    "memorysetup-temp-allocator-size-preload-manager=33554432"
    "memorysetup-temp-allocator-size-nav-mesh-worker=65536"
    "memorysetup-temp-allocator-size-audio-worker=65536"
    "memorysetup-temp-allocator-size-cloud-worker=32768"
    "memorysetup-temp-allocator-size-gi-baking-worker=262144"
    "memorysetup-temp-allocator-size-gfx=262144"
Player connection [43160] Host "[IP] 192.168.137.157 [Port] 0 [Flags] 2 [Guid] 3322703979 [EditorId] 3322703979 [Version] 1048832 [Id] WindowsEditor(7,MSI) [Debug] 1 [PackageName] WindowsEditor [ProjectName] Editor" joined multi-casting on [225.0.0.222:54997]...

Player connection [43160] Host "[IP] 192.168.137.157 [Port] 0 [Flags] 2 [Guid] 3322703979 [EditorId] 3322703979 [Version] 1048832 [Id] WindowsEditor(7,MSI) [Debug] 1 [PackageName] WindowsEditor [ProjectName] Editor" joined alternative multi-casting on [225.0.0.222:34997]...

Refreshing native plugins compatible for Editor in 103.88 ms, found 3 plugins.
Preloading 0 native plugins for Editor in 0.00 ms.
Initialize engine version: 2021.3.22f1 (b6c551784ba3)
[Subsystems] Discovering subsystems at path C:/Program Files/Unity/Hub/Editor/2021.3.22f1/Editor/Data/Resources/UnitySubsystems
[Subsystems] Discovering subsystems at path C:/Users/orozc/DignaFit/Assets
GfxDevice: creating device client; threaded=0; jobified=0
Direct3D:
    Version:  Direct3D 11.0 [level 11.1]
    Renderer: Intel(R) Iris(R) Xe Graphics (ID=0x9a49)
    Vendor:   Intel
    VRAM:     8042 MB
    Driver:   31.0.101.3222
Initialize mono
Mono path[0] = 'C:/Program Files/Unity/Hub/Editor/2021.3.22f1/Editor/Data/Managed'
Mono path[1] = 'C:/Program Files/Unity/Hub/Editor/2021.3.22f1/Editor/Data/MonoBleedingEdge/lib/mono/unityjit-win32'
Mono config path = 'C:/Program Files/Unity/Hub/Editor/2021.3.22f1/Editor/Data/MonoBleedingEdge/etc'
Using monoOptions --debugger-agent=transport=dt_socket,embedding=1,server=y,suspend=n,address=127.0.0.1:56760
Begin MonoManager ReloadAssembly
Registering precompiled unity dll's ...
Register platform support module: C:/Program Files/Unity/Hub/Editor/2021.3.22f1/Editor/Data/PlaybackEngines/WebGLSupport/UnityEditor.WebGL.Extensions.dll
Register platform support module: C:/Program Files/Unity/Hub/Editor/2021.3.22f1/Editor/Data/PlaybackEngines/AndroidPlayer/UnityEditor.Android.Extensions.dll
Register platform support module: C:/Program Files/Unity/Hub/Editor/2021.3.22f1/Editor/Data/PlaybackEngines/WindowsStandaloneSupport/UnityEditor.WindowsStandalone.Extensions.dll
Registered in 0.011300 seconds.
Native extension for WindowsStandalone target not found
Native extension for Android target not found
Android Extension - Scanning For ADB Devices 952 ms
Native extension for WebGL target not found
Refreshing native plugins compatible for Editor in 234.20 ms, found 3 plugins.
Preloading 0 native plugins for Editor in 0.00 ms.
Mono: successfully reloaded assembly
- Completed reload, in  2.102 seconds
Domain Reload Profiling:
	ReloadAssembly (2102ms)
		BeginReloadAssembly (117ms)
			ExecutionOrderSort (0ms)
			DisableScriptedObjects (0ms)
			BackupInstance (0ms)
			ReleaseScriptingObjects (0ms)
			CreateAndSetChildDomain (1ms)
		EndReloadAssembly (1853ms)
			LoadAssemblies (115ms)
			RebuildTransferFunctionScriptingTraits (0ms)
			SetupTypeCache (149ms)
			ReleaseScriptCaches (0ms)
			RebuildScriptCaches (33ms)
			SetupLoadedEditorAssemblies (1605ms)
				LogAssemblyErrors (0ms)
				InitializePlatformSupportModulesInManaged (1041ms)
				SetLoadedEditorAssemblies (0ms)
				RefreshPlugins (234ms)
				BeforeProcessingInitializeOnLoad (2ms)
				ProcessInitializeOnLoadAttributes (217ms)
				ProcessInitializeOnLoadMethodAttributes (111ms)
				AfterProcessingInitializeOnLoad (0ms)
				EditorAssembliesLoaded (0ms)
			ExecutionOrderSort2 (0ms)
			AwakeInstancesAfterBackupRestoration (0ms)
Platform modules already initialized, skipping
Registering precompiled user dll's ...
Registered in 0.022098 seconds.
Begin MonoManager ReloadAssembly
Native extension for WindowsStandalone target not found
Native extension for Android target not found
Native extension for WebGL target not found
Refreshing native plugins compatible for Editor in 0.82 ms, found 3 plugins.
Preloading 0 native plugins for Editor in 0.00 ms.
Mono: successfully reloaded assembly
- Completed reload, in  1.836 seconds
Domain Reload Profiling:
	ReloadAssembly (1837ms)
		BeginReloadAssembly (225ms)
			ExecutionOrderSort (0ms)
			DisableScriptedObjects (10ms)
			BackupInstance (0ms)
			ReleaseScriptingObjects (0ms)
			CreateAndSetChildDomain (36ms)
		EndReloadAssembly (1386ms)
			LoadAssemblies (185ms)
			RebuildTransferFunctionScriptingTraits (0ms)
			SetupTypeCache (412ms)
			ReleaseScriptCaches (1ms)
			RebuildScriptCaches (77ms)
			SetupLoadedEditorAssemblies (695ms)
				LogAssemblyErrors (0ms)
				InitializePlatformSupportModulesInManaged (51ms)
				SetLoadedEditorAssemblies (1ms)
				RefreshPlugins (1ms)
				BeforeProcessingInitializeOnLoad (128ms)
				ProcessInitializeOnLoadAttributes (337ms)
				ProcessInitializeOnLoadMethodAttributes (167ms)
				AfterProcessingInitializeOnLoad (10ms)
				EditorAssembliesLoaded (0ms)
			ExecutionOrderSort2 (0ms)
			AwakeInstancesAfterBackupRestoration (5ms)
Platform modules already initialized, skipping
========================================================================
Worker process is ready to serve import requests
Launched and connected shader compiler UnityShaderCompiler.exe after 0.06 seconds
Refreshing native plugins compatible for Editor in 0.56 ms, found 3 plugins.
Preloading 0 native plugins for Editor in 0.00 ms.
Unloading 3690 Unused Serialized files (Serialized files now loaded: 0)
Unloading 40 unused Assets / (56.1 KB). Loaded Objects now: 4151.
Memory consumption went from 123.4 MB to 123.3 MB.
Total: 6.994800 ms (FindLiveObjects: 0.274700 ms CreateObjectMapping: 0.228900 ms MarkObjects: 6.363700 ms  DeleteObjects: 0.125500 ms)

AssetImportParameters requested are different than current active one (requested -> active):
  custom:video-decoder-ogg-theora: a1e56fd34408186e4bbccfd4996cb3dc -> 
  custom:container-muxer-webm: aa71ff27fc2769a1b78a27578f13a17b -> 
  custom:container-demuxer-webm: 4f35f7cbe854078d1ac9338744f61a02 -> 
  custom:video-encoder-webm-vp8: eb34c28f22e8b96e1ab97ce403110664 -> 
  custom:audio-encoder-webm-vorbis: bf7c407c2cedff20999df2af8eb42d56 -> 
  custom:framework-win-MediaFoundation: 216162199b28c13a410421893ffa2e32 -> 
  custom:container-demuxer-ogg: 62fdf1f143b41e24485cea50d1cbac27 -> 
  custom:video-decoder-webm-vp8: 9c59270c3fd7afecdb556c50c9e8de78 -> 
  custom:audio-decoder-ogg-vorbis: bf7c407c2cedff20999df2af8eb42d56 -> 
========================================================================
Received Import Request.
  Time since last request: 964211.513241 seconds.
  path: Assets/Alimentos/Carne de Res 1.jpg
  artifactKey: Guid(bfd0979e504e6d44cac5e91860e1b06c) Importer(815301076,1909f56bfc062723c751e8b465ee728b)
Start importing Assets/Alimentos/Carne de Res 1.jpg using Guid(bfd0979e504e6d44cac5e91860e1b06c) Importer(815301076,1909f56bfc062723c751e8b465ee728b)  -> (artifact id: 'ea2ac2406a0293acf38aa6771c8c02f9') in 0.104045 seconds 
========================================================================
Received Import Request.
  Time since last request: 0.000036 seconds.
  path: Assets/Alimentos/Aguacate 2.jpg
  artifactKey: Guid(f7b04970d163d714c8df4a21390d68dc) Importer(815301076,1909f56bfc062723c751e8b465ee728b)
Start importing Assets/Alimentos/Aguacate 2.jpg using Guid(f7b04970d163d714c8df4a21390d68dc) Importer(815301076,1909f56bfc062723c751e8b465ee728b)  -> (artifact id: '7597c3a5d612219b5e787f4f71ab19e1') in 0.033168 seconds 
========================================================================
Received Import Request.
  Time since last request: 0.000026 seconds.
  path: Assets/Alimentos/Zanahoria 1.jpg
  artifactKey: Guid(d8b5e72298eb50148938a7e663fc2084) Importer(815301076,1909f56bfc062723c751e8b465ee728b)
Start importing Assets/Alimentos/Zanahoria 1.jpg using Guid(d8b5e72298eb50148938a7e663fc2084) Importer(815301076,1909f56bfc062723c751e8b465ee728b)  -> (artifact id: '0e93b9aecd2a4c37c929ebf847185445') in 0.025610 seconds 
========================================================================
Received Import Request.
  Time since last request: 0.000029 seconds.
  path: Assets/Alimentos/Zanahoria 2.jpg
  artifactKey: Guid(df87c76c2c941b548a663293498a2041) Importer(815301076,1909f56bfc062723c751e8b465ee728b)
Start importing Assets/Alimentos/Zanahoria 2.jpg using Guid(df87c76c2c941b548a663293498a2041) Importer(815301076,1909f56bfc062723c751e8b465ee728b)  -> (artifact id: '8e63c50a83f3e06dcbd64eec6ad1a2a7') in 0.028875 seconds 
========================================================================
Received Import Request.
  Time since last request: 0.000031 seconds.
  path: Assets/Targets/Fresas .jpg
  artifactKey: Guid(5b0b5ec3a4f21f949a81f3fa80c04fae) Importer(815301076,1909f56bfc062723c751e8b465ee728b)
Start importing Assets/Targets/Fresas .jpg using Guid(5b0b5ec3a4f21f949a81f3fa80c04fae) Importer(815301076,1909f56bfc062723c751e8b465ee728b)  -> (artifact id: 'f16c8ff9a1fbe8d4d7c5fb2d431e1620') in 0.054115 seconds 
========================================================================
Received Import Request.
  Time since last request: 0.000031 seconds.
  path: Assets/Targets/Manzana.jpg
  artifactKey: Guid(90b789d98a1fb3b4d899a8aeb34e752a) Importer(815301076,1909f56bfc062723c751e8b465ee728b)
Start importing Assets/Targets/Manzana.jpg using Guid(90b789d98a1fb3b4d899a8aeb34e752a) Importer(815301076,1909f56bfc062723c751e8b465ee728b)  -> (artifact id: '8a719124abd6782375a53357a8506007') in 0.024434 seconds 
========================================================================
Received Import Request.
  Time since last request: 0.000022 seconds.
  path: Assets/Alimentos/Fresa 1.jpg
  artifactKey: Guid(1afbbbb4f0da3134a9c92467593c9636) Importer(815301076,1909f56bfc062723c751e8b465ee728b)
Start importing Assets/Alimentos/Fresa 1.jpg using Guid(1afbbbb4f0da3134a9c92467593c9636) Importer(815301076,1909f56bfc062723c751e8b465ee728b)  -> (artifact id: 'bc8881d038c01782a982e9c8c1ffaacc') in 0.049307 seconds 
========================================================================
Received Import Request.
  Time since last request: 0.000023 seconds.
  path: Assets/Alimentos/Aguacate 1.jpg
  artifactKey: Guid(ee1e1ea541b44bd428af2d0698c92084) Importer(815301076,1909f56bfc062723c751e8b465ee728b)
Start importing Assets/Alimentos/Aguacate 1.jpg using Guid(ee1e1ea541b44bd428af2d0698c92084) Importer(815301076,1909f56bfc062723c751e8b465ee728b)  -> (artifact id: 'c8b07b02eaf52a7b482de45dc58093eb') in 0.027981 seconds 
========================================================================
Received Import Request.
  Time since last request: 0.000025 seconds.
  path: Assets/Targets/Zanahoria.jpg
  artifactKey: Guid(018051b0e659e0945ad05350e5c6029d) Importer(815301076,1909f56bfc062723c751e8b465ee728b)
Start importing Assets/Targets/Zanahoria.jpg using Guid(018051b0e659e0945ad05350e5c6029d) Importer(815301076,1909f56bfc062723c751e8b465ee728b)  -> (artifact id: '2e6654437bda940259480ae12c2acf9d') in 0.026462 seconds 
========================================================================
Received Import Request.
  Time since last request: 0.000033 seconds.
  path: Assets/Alimentos/Jitomate 1.jpg
  artifactKey: Guid(09a105b43697d9043ab0be4291787acb) Importer(815301076,1909f56bfc062723c751e8b465ee728b)
Start importing Assets/Alimentos/Jitomate 1.jpg using Guid(09a105b43697d9043ab0be4291787acb) Importer(815301076,1909f56bfc062723c751e8b465ee728b)  -> (artifact id: '4507332374ab56e8ef8e53f4d5946bb7') in 0.037835 seconds 
========================================================================
Received Import Request.
  Time since last request: 0.000035 seconds.
  path: Assets/Alimentos/Manzana 2.jpg
  artifactKey: Guid(47baf9f64c6566a4b91624ff8200d9ce) Importer(815301076,1909f56bfc062723c751e8b465ee728b)
Start importing Assets/Alimentos/Manzana 2.jpg using Guid(47baf9f64c6566a4b91624ff8200d9ce) Importer(815301076,1909f56bfc062723c751e8b465ee728b)  -> (artifact id: 'd256569dc4a7e734db4f70215f8cd06a') in 0.038851 seconds 
========================================================================
Received Import Request.
  Time since last request: 0.000023 seconds.
  path: Assets/Targets/Aguacate.jpg
  artifactKey: Guid(c4173dce1a4f0254a8e074be99c30cee) Importer(815301076,1909f56bfc062723c751e8b465ee728b)
Start importing Assets/Targets/Aguacate.jpg using Guid(c4173dce1a4f0254a8e074be99c30cee) Importer(815301076,1909f56bfc062723c751e8b465ee728b)  -> (artifact id: '7f4b8763894b09b5a2726fcdff16d735') in 0.032471 seconds 
========================================================================
Received Import Request.
  Time since last request: 0.000043 seconds.
  path: Assets/Targets/Carne de Res.jpg
  artifactKey: Guid(3a91bb905a317f847b22ac649f2cc6bc) Importer(815301076,1909f56bfc062723c751e8b465ee728b)
Start importing Assets/Targets/Carne de Res.jpg using Guid(3a91bb905a317f847b22ac649f2cc6bc) Importer(815301076,1909f56bfc062723c751e8b465ee728b)  -> (artifact id: '73da4437a91b4aa51cdb437bc2e4d5e9') in 0.021099 seconds 
========================================================================
Received Import Request.
  Time since last request: 55.148607 seconds.
  path: Assets/Alimentos/Materials/Aguacate 1.mat
  artifactKey: Guid(0a971439ee9ba4444bfafc507c182ecd) Importer(815301076,1909f56bfc062723c751e8b465ee728b)
Start importing Assets/Alimentos/Materials/Aguacate 1.mat using Guid(0a971439ee9ba4444bfafc507c182ecd) Importer(815301076,1909f56bfc062723c751e8b465ee728b)  -> (artifact id: '4291c8aeded1ba3e46825c0f7f6f9ec4') in 0.112285 seconds 
========================================================================
Received Import Request.
  Time since last request: 0.000026 seconds.
  path: Assets/Alimentos/Materials/Zanahoria 2.mat
  artifactKey: Guid(16391b431d325d84f91f851af1e585e8) Importer(815301076,1909f56bfc062723c751e8b465ee728b)
Start importing Assets/Alimentos/Materials/Zanahoria 2.mat using Guid(16391b431d325d84f91f851af1e585e8) Importer(815301076,1909f56bfc062723c751e8b465ee728b)  -> (artifact id: 'a88893211429ea19b12fa05bb222173e') in 0.039528 seconds 
========================================================================
Received Import Request.
  Time since last request: 0.000030 seconds.
  path: Assets/Alimentos/Materials/Manzana 2.mat
  artifactKey: Guid(cf924bd3468589b41aaf3a3061e3fa2a) Importer(815301076,1909f56bfc062723c751e8b465ee728b)
Start importing Assets/Alimentos/Materials/Manzana 2.mat using Guid(cf924bd3468589b41aaf3a3061e3fa2a) Importer(815301076,1909f56bfc062723c751e8b465ee728b)  -> (artifact id: '2121b1d48cb3866741df824a18c8ef7a') in 0.028555 seconds 
========================================================================
Received Import Request.
  Time since last request: 0.000025 seconds.
  path: Assets/Alimentos/Materials/Platano 1.mat
  artifactKey: Guid(438de716aefdd014fb5575ec17615e87) Importer(815301076,1909f56bfc062723c751e8b465ee728b)
Start importing Assets/Alimentos/Materials/Platano 1.mat using Guid(438de716aefdd014fb5575ec17615e87) Importer(815301076,1909f56bfc062723c751e8b465ee728b)  -> (artifact id: 'c9d8c484ca260f816bfc2b4f5460eab7') in 0.035535 seconds 
========================================================================
Received Import Request.
  Time since last request: 0.000022 seconds.
  path: Assets/Alimentos/Materials/Carne de Res 1.mat
  artifactKey: Guid(14f2893803b04f94e995516b2dfa6337) Importer(815301076,1909f56bfc062723c751e8b465ee728b)
Start importing Assets/Alimentos/Materials/Carne de Res 1.mat using Guid(14f2893803b04f94e995516b2dfa6337) Importer(815301076,1909f56bfc062723c751e8b465ee728b)  -> (artifact id: '0a660fcffd4b1d265d2b69449d7d2c22') in 0.037110 seconds 
========================================================================
Received Import Request.
  Time since last request: 0.000030 seconds.
  path: Assets/Alimentos/Materials/Platano 2.mat
  artifactKey: Guid(8c66c806421c32f4b8c4561e0cc436f9) Importer(815301076,1909f56bfc062723c751e8b465ee728b)
Start importing Assets/Alimentos/Materials/Platano 2.mat using Guid(8c66c806421c32f4b8c4561e0cc436f9) Importer(815301076,1909f56bfc062723c751e8b465ee728b)  -> (artifact id: 'f7fb6e9ed516d191116c6ea232a37fbd') in 0.037714 seconds 
========================================================================
Received Import Request.
  Time since last request: 0.000024 seconds.
  path: Assets/Alimentos/Materials/Carne de Pollo 2.mat
  artifactKey: Guid(8c3aac681ba4b4a40a344ab68d1dc78c) Importer(815301076,1909f56bfc062723c751e8b465ee728b)
Start importing Assets/Alimentos/Materials/Carne de Pollo 2.mat using Guid(8c3aac681ba4b4a40a344ab68d1dc78c) Importer(815301076,1909f56bfc062723c751e8b465ee728b)  -> (artifact id: 'e8f86a74df4483471b4af12823f2aafe') in 0.061211 seconds 
========================================================================
Received Import Request.
  Time since last request: 0.000022 seconds.
  path: Assets/Alimentos/Materials/Jitomate 1.mat
  artifactKey: Guid(e1d6b365c7890154499a289ad824b8af) Importer(815301076,1909f56bfc062723c751e8b465ee728b)
Start importing Assets/Alimentos/Materials/Jitomate 1.mat using Guid(e1d6b365c7890154499a289ad824b8af) Importer(815301076,1909f56bfc062723c751e8b465ee728b)  -> (artifact id: '003860d3fbbf2812c7c3b9f601456d67') in 0.044137 seconds 
